2024-11-12 12:10:15,341 - INFO - Starting inference on image: c:/Users/chase/OneDrive/Documents/Grad/Robots_for_Recycling/waste_detector/waste_detector_repo/plastic_and_metal_dataset/test/images\rgb_image11-4-20-36-34_jpg.rf.df82e4f446129dafeb38d7afd2d80ca1.jpg
2024-11-12 12:10:15,598 - INFO - Initialized Faster R-CNN model with MobileNetV3 backbone.
2024-11-12 12:10:15,598 - INFO - Modified the model's box predictor to accommodate the new number of classes.
2024-11-12 12:10:15,685 - ERROR - Failed to load model: Error(s) in loading state_dict for FasterRCNN:
	size mismatch for roi_heads.box_predictor.cls_score.weight: copying a param with shape torch.Size([6, 1024]) from checkpoint, the shape in current model is torch.Size([3, 1024]).
	size mismatch for roi_heads.box_predictor.cls_score.bias: copying a param with shape torch.Size([6]) from checkpoint, the shape in current model is torch.Size([3]).
	size mismatch for roi_heads.box_predictor.bbox_pred.weight: copying a param with shape torch.Size([24, 1024]) from checkpoint, the shape in current model is torch.Size([12, 1024]).
	size mismatch for roi_heads.box_predictor.bbox_pred.bias: copying a param with shape torch.Size([24]) from checkpoint, the shape in current model is torch.Size([12]).
2024-11-12 12:10:43,215 - INFO - Starting inference on image: c:/Users/chase/OneDrive/Documents/Grad/Robots_for_Recycling/waste_detector/waste_detector_repo/plastic_and_metal_dataset/test/images\rgb_image11-3-14-9-0_jpg.rf.7b4d31830f167e3c05d409d1c55a0c67.jpg
2024-11-12 12:10:43,449 - INFO - Initialized Faster R-CNN model with MobileNetV3 backbone.
2024-11-12 12:10:43,449 - INFO - Modified the model's box predictor to accommodate the new number of classes.
2024-11-12 12:10:43,548 - INFO - Model loaded successfully.
2024-11-12 12:10:43,553 - INFO - Model moved to device: cpu
2024-11-12 12:10:43,562 - INFO - Image c:/Users/chase/OneDrive/Documents/Grad/Robots_for_Recycling/waste_detector/waste_detector_repo/plastic_and_metal_dataset/test/images\rgb_image11-3-14-9-0_jpg.rf.7b4d31830f167e3c05d409d1c55a0c67.jpg loaded successfully.
2024-11-12 12:10:43,566 - DEBUG - Image transformed and tensor created with shape torch.Size([3, 480, 640])
2024-11-12 12:10:43,820 - DEBUG - Model inference completed.
2024-11-12 12:10:44,212 - INFO - Detected object: plastic, Confidence 0.91, Box [451.21, 90.99, 637.89, 267.67]
2024-11-12 12:10:44,214 - INFO - Detected object: metal, Confidence 0.70, Box [405.57, 275.10, 481.18, 354.83]
2024-11-12 12:10:44,215 - INFO - Detected object: paper, Confidence 0.52, Box [19.16, 106.44, 278.67, 334.26]
2024-11-12 12:10:44,217 - INFO - Detected object: cardboard, Confidence 0.50, Box [28.39, 98.20, 288.97, 333.82]
2024-11-12 12:10:44,217 - INFO - Total objects detected: 4
2024-11-12 12:10:44,218 - INFO - Inference completed and results displayed.
2024-11-12 12:10:44,218 - INFO - Starting inference on image: c:/Users/chase/OneDrive/Documents/Grad/Robots_for_Recycling/waste_detector/waste_detector_repo/plastic_and_metal_dataset/test/images\rgb_image11-3-14-3-2_jpg.rf.77d0ea3d67bed6367cf9b403982d2343.jpg
2024-11-12 12:10:44,420 - INFO - Initialized Faster R-CNN model with MobileNetV3 backbone.
2024-11-12 12:10:44,420 - INFO - Modified the model's box predictor to accommodate the new number of classes.
2024-11-12 12:10:44,490 - INFO - Model loaded successfully.
2024-11-12 12:10:44,494 - INFO - Model moved to device: cpu
2024-11-12 12:10:44,497 - INFO - Image c:/Users/chase/OneDrive/Documents/Grad/Robots_for_Recycling/waste_detector/waste_detector_repo/plastic_and_metal_dataset/test/images\rgb_image11-3-14-3-2_jpg.rf.77d0ea3d67bed6367cf9b403982d2343.jpg loaded successfully.
2024-11-12 12:10:44,499 - DEBUG - Image transformed and tensor created with shape torch.Size([3, 480, 640])
2024-11-12 12:10:44,748 - DEBUG - Model inference completed.
2024-11-12 12:10:44,850 - INFO - Detected object: metal, Confidence 0.95, Box [86.95, 120.50, 161.30, 239.19]
2024-11-12 12:10:44,851 - INFO - Detected object: metal, Confidence 0.94, Box [483.01, 281.74, 602.33, 367.29]
2024-11-12 12:10:44,853 - INFO - Detected object: metal, Confidence 0.89, Box [88.19, 255.28, 153.43, 371.05]
2024-11-12 12:10:44,854 - INFO - Detected object: metal, Confidence 0.86, Box [332.20, 100.89, 447.43, 174.61]
2024-11-12 12:10:44,855 - INFO - Detected object: metal, Confidence 0.68, Box [0.44, 250.39, 56.78, 366.37]
2024-11-12 12:10:44,857 - INFO - Detected object: plastic, Confidence 0.59, Box [226.93, 260.97, 329.98, 374.48]
2024-11-12 12:10:44,858 - INFO - Detected object: metal, Confidence 0.59, Box [226.77, 257.89, 329.14, 373.48]
2024-11-12 12:10:44,859 - INFO - Total objects detected: 7
2024-11-12 12:10:44,859 - INFO - Inference completed and results displayed.
2024-11-12 12:10:44,860 - INFO - Starting inference on image: c:/Users/chase/OneDrive/Documents/Grad/Robots_for_Recycling/waste_detector/waste_detector_repo/plastic_and_metal_dataset/test/images\rgb_image11-3-14-1-52_jpg.rf.e1674596b6a689fd78a27f14c681d4b7.jpg
2024-11-12 12:10:45,083 - INFO - Initialized Faster R-CNN model with MobileNetV3 backbone.
2024-11-12 12:10:45,083 - INFO - Modified the model's box predictor to accommodate the new number of classes.
2024-11-12 12:10:45,145 - INFO - Model loaded successfully.
2024-11-12 12:10:45,145 - INFO - Model moved to device: cpu
2024-11-12 12:10:45,145 - INFO - Image c:/Users/chase/OneDrive/Documents/Grad/Robots_for_Recycling/waste_detector/waste_detector_repo/plastic_and_metal_dataset/test/images\rgb_image11-3-14-1-52_jpg.rf.e1674596b6a689fd78a27f14c681d4b7.jpg loaded successfully.
2024-11-12 12:10:45,157 - DEBUG - Image transformed and tensor created with shape torch.Size([3, 480, 640])
2024-11-12 12:10:45,430 - DEBUG - Model inference completed.
2024-11-12 12:10:45,530 - INFO - Detected object: metal, Confidence 0.97, Box [320.25, 82.03, 400.74, 200.00]
2024-11-12 12:10:45,531 - INFO - Detected object: metal, Confidence 0.96, Box [503.38, 303.55, 617.91, 371.36]
2024-11-12 12:10:45,532 - INFO - Detected object: cardboard, Confidence 0.94, Box [105.99, 196.26, 337.80, 392.84]
2024-11-12 12:10:45,534 - INFO - Detected object: metal, Confidence 0.88, Box [63.90, 64.17, 158.13, 149.55]
2024-11-12 12:10:45,534 - INFO - Total objects detected: 4
2024-11-12 12:10:45,534 - INFO - Inference completed and results displayed.
2024-11-12 12:10:45,535 - INFO - Starting inference on image: c:/Users/chase/OneDrive/Documents/Grad/Robots_for_Recycling/waste_detector/waste_detector_repo/plastic_and_metal_dataset/test/images\rgb_image11-3-14-1-32_jpg.rf.fa08d0eca7c1bb7b51a26f1fcecd49e9.jpg
2024-11-12 12:10:45,751 - INFO - Initialized Faster R-CNN model with MobileNetV3 backbone.
2024-11-12 12:10:45,751 - INFO - Modified the model's box predictor to accommodate the new number of classes.
2024-11-12 12:10:45,808 - INFO - Model loaded successfully.
2024-11-12 12:10:45,822 - INFO - Model moved to device: cpu
2024-11-12 12:10:45,826 - INFO - Image c:/Users/chase/OneDrive/Documents/Grad/Robots_for_Recycling/waste_detector/waste_detector_repo/plastic_and_metal_dataset/test/images\rgb_image11-3-14-1-32_jpg.rf.fa08d0eca7c1bb7b51a26f1fcecd49e9.jpg loaded successfully.
2024-11-12 12:10:45,828 - DEBUG - Image transformed and tensor created with shape torch.Size([3, 480, 640])
2024-11-12 12:10:46,144 - DEBUG - Model inference completed.
2024-11-12 12:10:46,236 - INFO - Detected object: metal, Confidence 0.97, Box [46.13, 207.93, 147.83, 321.08]
2024-11-12 12:10:46,237 - INFO - Detected object: metal, Confidence 0.96, Box [593.09, 332.42, 640.00, 400.97]
2024-11-12 12:10:46,238 - INFO - Detected object: metal, Confidence 0.96, Box [149.40, 276.26, 225.03, 395.85]
2024-11-12 12:10:46,240 - INFO - Detected object: plastic, Confidence 0.93, Box [93.70, 95.74, 261.84, 201.42]
2024-11-12 12:10:46,241 - INFO - Detected object: cardboard, Confidence 0.92, Box [337.11, 264.90, 551.86, 467.28]
2024-11-12 12:10:46,242 - INFO - Detected object: plastic, Confidence 0.77, Box [540.16, 178.71, 640.00, 302.51]
2024-11-12 12:10:46,243 - INFO - Detected object: metal, Confidence 0.64, Box [273.65, 213.39, 329.41, 277.02]
2024-11-12 12:10:46,244 - INFO - Detected object: cardboard, Confidence 0.54, Box [22.69, 2.45, 124.32, 39.44]
2024-11-12 12:10:46,245 - INFO - Total objects detected: 8
2024-11-12 12:10:46,245 - INFO - Inference completed and results displayed.
2024-11-12 12:10:46,246 - INFO - Starting inference on image: c:/Users/chase/OneDrive/Documents/Grad/Robots_for_Recycling/waste_detector/waste_detector_repo/plastic_and_metal_dataset/test/images\rgb_image11-4-20-41-13_jpg.rf.10db7fb6db0477697ed9f4a019e80cf9.jpg
2024-11-12 12:10:46,452 - INFO - Initialized Faster R-CNN model with MobileNetV3 backbone.
2024-11-12 12:10:46,452 - INFO - Modified the model's box predictor to accommodate the new number of classes.
2024-11-12 12:10:46,509 - INFO - Model loaded successfully.
2024-11-12 12:10:46,521 - INFO - Model moved to device: cpu
2024-11-12 12:10:46,525 - INFO - Image c:/Users/chase/OneDrive/Documents/Grad/Robots_for_Recycling/waste_detector/waste_detector_repo/plastic_and_metal_dataset/test/images\rgb_image11-4-20-41-13_jpg.rf.10db7fb6db0477697ed9f4a019e80cf9.jpg loaded successfully.
2024-11-12 12:10:46,527 - DEBUG - Image transformed and tensor created with shape torch.Size([3, 480, 640])
2024-11-12 12:10:46,766 - DEBUG - Model inference completed.
2024-11-12 12:10:46,860 - INFO - Detected object: plastic, Confidence 0.85, Box [337.45, 253.29, 410.62, 325.96]
2024-11-12 12:10:46,862 - INFO - Detected object: plastic, Confidence 0.82, Box [217.40, 259.79, 271.82, 312.57]
2024-11-12 12:10:46,862 - INFO - Total objects detected: 2
2024-11-12 12:10:46,862 - INFO - Inference completed and results displayed.
2024-11-12 12:10:46,864 - INFO - Starting inference on image: c:/Users/chase/OneDrive/Documents/Grad/Robots_for_Recycling/waste_detector/waste_detector_repo/plastic_and_metal_dataset/test/images\rgb_image11-4-20-28-29_jpg.rf.c3022f6e515c19a4def0cb7c5e32b2e2.jpg
2024-11-12 12:10:47,084 - INFO - Initialized Faster R-CNN model with MobileNetV3 backbone.
2024-11-12 12:10:47,084 - INFO - Modified the model's box predictor to accommodate the new number of classes.
2024-11-12 12:10:47,142 - INFO - Model loaded successfully.
2024-11-12 12:10:47,142 - INFO - Model moved to device: cpu
2024-11-12 12:10:47,160 - INFO - Image c:/Users/chase/OneDrive/Documents/Grad/Robots_for_Recycling/waste_detector/waste_detector_repo/plastic_and_metal_dataset/test/images\rgb_image11-4-20-28-29_jpg.rf.c3022f6e515c19a4def0cb7c5e32b2e2.jpg loaded successfully.
2024-11-12 12:10:47,162 - DEBUG - Image transformed and tensor created with shape torch.Size([3, 480, 640])
2024-11-12 12:10:47,447 - DEBUG - Model inference completed.
2024-11-12 12:10:47,542 - INFO - Detected object: plastic, Confidence 0.86, Box [216.61, 282.01, 434.10, 408.27]
2024-11-12 12:10:47,543 - INFO - Detected object: plastic, Confidence 0.84, Box [280.21, 161.73, 383.20, 262.20]
2024-11-12 12:10:47,544 - INFO - Detected object: plastic, Confidence 0.79, Box [153.45, 124.09, 293.50, 247.90]
2024-11-12 12:10:47,545 - INFO - Total objects detected: 3
2024-11-12 12:10:47,545 - INFO - Inference completed and results displayed.
2024-11-12 12:10:47,546 - INFO - Starting inference on image: c:/Users/chase/OneDrive/Documents/Grad/Robots_for_Recycling/waste_detector/waste_detector_repo/plastic_and_metal_dataset/test/images\rgb_image11-4-20-31-7_jpg.rf.7105310e74be94517f1516e7e07ad244.jpg
2024-11-12 12:10:47,798 - INFO - Initialized Faster R-CNN model with MobileNetV3 backbone.
2024-11-12 12:10:47,798 - INFO - Modified the model's box predictor to accommodate the new number of classes.
2024-11-12 12:10:47,861 - INFO - Model loaded successfully.
2024-11-12 12:10:47,861 - INFO - Model moved to device: cpu
2024-11-12 12:10:47,861 - INFO - Image c:/Users/chase/OneDrive/Documents/Grad/Robots_for_Recycling/waste_detector/waste_detector_repo/plastic_and_metal_dataset/test/images\rgb_image11-4-20-31-7_jpg.rf.7105310e74be94517f1516e7e07ad244.jpg loaded successfully.
2024-11-12 12:10:47,870 - DEBUG - Image transformed and tensor created with shape torch.Size([3, 480, 640])
2024-11-12 12:10:48,162 - DEBUG - Model inference completed.
2024-11-12 12:10:48,253 - INFO - Detected object: plastic, Confidence 0.82, Box [112.85, 23.30, 288.18, 274.87]
2024-11-12 12:10:48,254 - INFO - Detected object: metal, Confidence 0.73, Box [248.23, 0.00, 307.80, 48.65]
2024-11-12 12:10:48,256 - INFO - Detected object: metal, Confidence 0.53, Box [323.36, 103.18, 376.36, 166.86]
2024-11-12 12:10:48,257 - INFO - Detected object: plastic, Confidence 0.53, Box [322.78, 102.85, 375.66, 163.76]
2024-11-12 12:10:48,258 - INFO - Total objects detected: 4
2024-11-12 12:10:48,258 - INFO - Inference completed and results displayed.
2024-11-12 12:10:48,259 - INFO - Starting inference on image: c:/Users/chase/OneDrive/Documents/Grad/Robots_for_Recycling/waste_detector/waste_detector_repo/plastic_and_metal_dataset/test/images\rgb_image11-3-14-9-30_jpg.rf.ca5a6bd7cf2a205502b6e8468b8f0ef7.jpg
2024-11-12 12:10:48,578 - INFO - Initialized Faster R-CNN model with MobileNetV3 backbone.
2024-11-12 12:10:48,578 - INFO - Modified the model's box predictor to accommodate the new number of classes.
2024-11-12 12:10:48,625 - INFO - Model loaded successfully.
2024-11-12 12:10:48,641 - INFO - Model moved to device: cpu
2024-11-12 12:10:48,641 - INFO - Image c:/Users/chase/OneDrive/Documents/Grad/Robots_for_Recycling/waste_detector/waste_detector_repo/plastic_and_metal_dataset/test/images\rgb_image11-3-14-9-30_jpg.rf.ca5a6bd7cf2a205502b6e8468b8f0ef7.jpg loaded successfully.
2024-11-12 12:10:48,647 - DEBUG - Image transformed and tensor created with shape torch.Size([3, 480, 640])
2024-11-12 12:10:48,960 - DEBUG - Model inference completed.
2024-11-12 12:10:49,062 - INFO - Detected object: metal, Confidence 0.94, Box [551.44, 229.99, 639.56, 342.98]
2024-11-12 12:10:49,063 - INFO - Detected object: plastic, Confidence 0.93, Box [519.32, 83.16, 640.00, 201.32]
2024-11-12 12:10:49,063 - INFO - Total objects detected: 2
2024-11-12 12:10:49,064 - INFO - Inference completed and results displayed.
2024-11-12 12:10:49,065 - INFO - Starting inference on image: c:/Users/chase/OneDrive/Documents/Grad/Robots_for_Recycling/waste_detector/waste_detector_repo/plastic_and_metal_dataset/test/images\rgb_image11-3-14-2-12_jpg.rf.de87013f4e6f9805331540b77097648a.jpg
2024-11-12 12:10:49,284 - INFO - Initialized Faster R-CNN model with MobileNetV3 backbone.
2024-11-12 12:10:49,284 - INFO - Modified the model's box predictor to accommodate the new number of classes.
2024-11-12 12:10:49,342 - INFO - Model loaded successfully.
2024-11-12 12:10:49,358 - INFO - Model moved to device: cpu
2024-11-12 12:10:49,358 - INFO - Image c:/Users/chase/OneDrive/Documents/Grad/Robots_for_Recycling/waste_detector/waste_detector_repo/plastic_and_metal_dataset/test/images\rgb_image11-3-14-2-12_jpg.rf.de87013f4e6f9805331540b77097648a.jpg loaded successfully.
2024-11-12 12:10:49,365 - DEBUG - Image transformed and tensor created with shape torch.Size([3, 480, 640])
2024-11-12 12:10:49,648 - DEBUG - Model inference completed.
2024-11-12 12:10:49,741 - INFO - Detected object: metal, Confidence 0.96, Box [7.35, 235.88, 126.06, 334.64]
2024-11-12 12:10:49,742 - INFO - Detected object: metal, Confidence 0.96, Box [3.06, 124.58, 66.79, 185.38]
2024-11-12 12:10:49,743 - INFO - Detected object: metal, Confidence 0.95, Box [431.01, 199.61, 526.17, 313.25]
2024-11-12 12:10:49,745 - INFO - Detected object: cardboard, Confidence 0.94, Box [550.34, 142.40, 640.00, 405.11]
2024-11-12 12:10:49,746 - INFO - Detected object: plastic, Confidence 0.87, Box [182.57, 71.67, 352.48, 184.18]
2024-11-12 12:10:49,747 - INFO - Detected object: metal, Confidence 0.83, Box [244.45, 310.40, 354.46, 396.04]
2024-11-12 12:10:49,747 - INFO - Total objects detected: 6
2024-11-12 12:10:49,748 - INFO - Inference completed and results displayed.
2024-11-12 12:10:49,749 - INFO - Starting inference on image: c:/Users/chase/OneDrive/Documents/Grad/Robots_for_Recycling/waste_detector/waste_detector_repo/plastic_and_metal_dataset/test/images\rgb_image11-4-20-53-8_jpg.rf.b308ab71ae4e8292b6e7536c499a6eda.jpg
2024-11-12 12:10:49,968 - INFO - Initialized Faster R-CNN model with MobileNetV3 backbone.
2024-11-12 12:10:49,968 - INFO - Modified the model's box predictor to accommodate the new number of classes.
2024-11-12 12:10:50,027 - INFO - Model loaded successfully.
2024-11-12 12:10:50,031 - INFO - Model moved to device: cpu
2024-11-12 12:10:50,031 - INFO - Image c:/Users/chase/OneDrive/Documents/Grad/Robots_for_Recycling/waste_detector/waste_detector_repo/plastic_and_metal_dataset/test/images\rgb_image11-4-20-53-8_jpg.rf.b308ab71ae4e8292b6e7536c499a6eda.jpg loaded successfully.
2024-11-12 12:10:50,036 - DEBUG - Image transformed and tensor created with shape torch.Size([3, 480, 640])
2024-11-12 12:10:50,313 - DEBUG - Model inference completed.
2024-11-12 12:10:50,413 - INFO - Detected object: cardboard, Confidence 0.89, Box [107.98, 0.16, 163.96, 31.53]
2024-11-12 12:10:50,415 - INFO - Detected object: cardboard, Confidence 0.84, Box [195.16, 0.00, 246.58, 8.54]
2024-11-12 12:10:50,416 - INFO - Detected object: cardboard, Confidence 0.82, Box [262.35, 184.60, 431.74, 352.65]
2024-11-12 12:10:50,416 - INFO - Total objects detected: 3
2024-11-12 12:10:50,417 - INFO - Inference completed and results displayed.
2024-11-12 14:02:08,593 - INFO - Initialized Faster R-CNN model with MobileNetV3 backbone.
2024-11-12 14:02:08,593 - INFO - Modified the model's box predictor to accommodate the new number of classes.
2024-11-12 14:02:16,875 - INFO - Starting real-time object detection. Press 'q' to quit.
2024-11-12 14:03:33,960 - INFO - Real-time detection ended.
2024-11-12 19:56:02,614 - INFO - Starting inference on image: c:/Users/chase/OneDrive/Documents/Grad/Robots_for_Recycling/waste_detector/waste_detector_repo/plastic_and_metal_dataset/test/images\rgb_image11-3-13-46-32_jpg.rf.9ea8ede75d8699628320b218d5c1e0aa.jpg
2024-11-12 19:56:02,852 - INFO - Initialized Faster R-CNN model with MobileNetV3 backbone.
2024-11-12 19:56:02,853 - INFO - Modified the model's box predictor to accommodate the new number of classes.
2024-11-12 19:56:02,927 - INFO - Model loaded successfully.
2024-11-12 19:56:02,931 - INFO - Model moved to device: cpu
2024-11-12 19:56:02,960 - INFO - Image c:/Users/chase/OneDrive/Documents/Grad/Robots_for_Recycling/waste_detector/waste_detector_repo/plastic_and_metal_dataset/test/images\rgb_image11-3-13-46-32_jpg.rf.9ea8ede75d8699628320b218d5c1e0aa.jpg loaded successfully.
2024-11-12 19:56:02,963 - DEBUG - Image transformed and tensor created with shape torch.Size([3, 480, 640])
2024-11-12 19:56:03,291 - DEBUG - Model inference completed.
2024-11-12 19:56:03,690 - INFO - Detected object: cardboard, Confidence 0.95, Box [64.52, 266.48, 280.06, 462.41]
2024-11-12 19:56:03,692 - INFO - Detected object: plastic, Confidence 0.88, Box [380.91, 294.19, 513.50, 394.74]
2024-11-12 19:56:03,694 - INFO - Detected object: plastic, Confidence 0.84, Box [128.62, 68.32, 268.52, 205.00]
2024-11-12 19:56:03,696 - INFO - Detected object: plastic, Confidence 0.75, Box [292.86, 38.43, 458.42, 142.80]
2024-11-12 19:56:03,697 - INFO - Detected object: cardboard, Confidence 0.75, Box [0.38, 124.32, 80.82, 327.54]
2024-11-12 19:56:03,699 - INFO - Detected object: cardboard, Confidence 0.74, Box [512.82, 86.27, 637.17, 281.80]
2024-11-12 19:56:03,700 - INFO - Total objects detected: 6
2024-11-12 19:56:03,700 - INFO - Inference completed and results displayed.
2024-11-12 19:56:03,701 - INFO - Starting inference on image: c:/Users/chase/OneDrive/Documents/Grad/Robots_for_Recycling/waste_detector/waste_detector_repo/plastic_and_metal_dataset/test/images\rgb_image11-3-13-52-12_jpg.rf.2396aa4b2d9b3de0c372b38d5cb318e3.jpg
2024-11-12 19:56:03,934 - INFO - Initialized Faster R-CNN model with MobileNetV3 backbone.
2024-11-12 19:56:03,935 - INFO - Modified the model's box predictor to accommodate the new number of classes.
2024-11-12 19:56:03,993 - INFO - Model loaded successfully.
2024-11-12 19:56:03,996 - INFO - Model moved to device: cpu
2024-11-12 19:56:03,999 - INFO - Image c:/Users/chase/OneDrive/Documents/Grad/Robots_for_Recycling/waste_detector/waste_detector_repo/plastic_and_metal_dataset/test/images\rgb_image11-3-13-52-12_jpg.rf.2396aa4b2d9b3de0c372b38d5cb318e3.jpg loaded successfully.
2024-11-12 19:56:04,001 - DEBUG - Image transformed and tensor created with shape torch.Size([3, 480, 640])
2024-11-12 19:56:04,284 - DEBUG - Model inference completed.
2024-11-12 19:56:04,404 - INFO - Detected object: plastic, Confidence 0.97, Box [1.65, 24.62, 212.69, 201.28]
2024-11-12 19:56:04,406 - INFO - Detected object: cardboard, Confidence 0.92, Box [387.33, 27.61, 593.58, 205.09]
2024-11-12 19:56:04,407 - INFO - Detected object: cardboard, Confidence 0.91, Box [211.14, 117.27, 524.86, 440.12]
2024-11-12 19:56:04,409 - INFO - Detected object: plastic, Confidence 0.81, Box [0.00, 282.71, 147.08, 445.15]
2024-11-12 19:56:04,411 - INFO - Detected object: cardboard, Confidence 0.74, Box [485.53, 201.82, 640.00, 462.72]
2024-11-12 19:56:04,411 - INFO - Total objects detected: 5
2024-11-12 19:56:04,412 - INFO - Inference completed and results displayed.
2024-11-12 19:56:04,413 - INFO - Starting inference on image: c:/Users/chase/OneDrive/Documents/Grad/Robots_for_Recycling/waste_detector/waste_detector_repo/plastic_and_metal_dataset/test/images\rgb_image11-3-13-45-22_jpg.rf.e8e355e57c75f79dc5e13611707c0912.jpg
2024-11-12 19:56:04,673 - INFO - Initialized Faster R-CNN model with MobileNetV3 backbone.
2024-11-12 19:56:04,674 - INFO - Modified the model's box predictor to accommodate the new number of classes.
2024-11-12 19:56:04,738 - INFO - Model loaded successfully.
2024-11-12 19:56:04,741 - INFO - Model moved to device: cpu
2024-11-12 19:56:04,744 - INFO - Image c:/Users/chase/OneDrive/Documents/Grad/Robots_for_Recycling/waste_detector/waste_detector_repo/plastic_and_metal_dataset/test/images\rgb_image11-3-13-45-22_jpg.rf.e8e355e57c75f79dc5e13611707c0912.jpg loaded successfully.
2024-11-12 19:56:04,746 - DEBUG - Image transformed and tensor created with shape torch.Size([3, 480, 640])
2024-11-12 19:56:05,040 - DEBUG - Model inference completed.
2024-11-12 19:56:05,160 - INFO - Detected object: plastic, Confidence 0.97, Box [16.24, 26.52, 183.76, 139.89]
2024-11-12 19:56:05,162 - INFO - Detected object: cardboard, Confidence 0.95, Box [550.29, 210.87, 638.72, 388.10]
2024-11-12 19:56:05,163 - INFO - Detected object: metal, Confidence 0.87, Box [556.58, 88.10, 635.61, 202.79]
2024-11-12 19:56:05,165 - INFO - Detected object: plastic, Confidence 0.87, Box [397.78, 261.69, 525.06, 374.70]
2024-11-12 19:56:05,168 - INFO - Detected object: plastic, Confidence 0.86, Box [25.90, 165.12, 241.18, 408.54]
2024-11-12 19:56:05,170 - INFO - Detected object: metal, Confidence 0.75, Box [0.00, 191.72, 41.96, 265.52]
2024-11-12 19:56:05,172 - INFO - Detected object: cardboard, Confidence 0.75, Box [28.84, 143.72, 238.63, 414.22]
2024-11-12 19:56:05,174 - INFO - Detected object: metal, Confidence 0.51, Box [401.95, 264.56, 528.74, 374.01]
2024-11-12 19:56:05,175 - INFO - Total objects detected: 8
2024-11-12 19:56:05,175 - INFO - Inference completed and results displayed.
2024-11-12 19:56:05,177 - INFO - Starting inference on image: c:/Users/chase/OneDrive/Documents/Grad/Robots_for_Recycling/waste_detector/waste_detector_repo/plastic_and_metal_dataset/test/images\rgb_image11-3-13-50-2_jpg.rf.7e0e94d5f81f699af50bc244a7fe79d7.jpg
2024-11-12 19:56:05,432 - INFO - Initialized Faster R-CNN model with MobileNetV3 backbone.
2024-11-12 19:56:05,433 - INFO - Modified the model's box predictor to accommodate the new number of classes.
2024-11-12 19:56:05,503 - INFO - Model loaded successfully.
2024-11-12 19:56:05,508 - INFO - Model moved to device: cpu
2024-11-12 19:56:05,512 - INFO - Image c:/Users/chase/OneDrive/Documents/Grad/Robots_for_Recycling/waste_detector/waste_detector_repo/plastic_and_metal_dataset/test/images\rgb_image11-3-13-50-2_jpg.rf.7e0e94d5f81f699af50bc244a7fe79d7.jpg loaded successfully.
2024-11-12 19:56:05,514 - DEBUG - Image transformed and tensor created with shape torch.Size([3, 480, 640])
2024-11-12 19:56:05,782 - DEBUG - Model inference completed.
2024-11-12 19:56:05,906 - INFO - Detected object: metal, Confidence 0.92, Box [156.12, 79.00, 260.68, 186.24]
2024-11-12 19:56:05,909 - INFO - Detected object: metal, Confidence 0.89, Box [424.48, 144.78, 544.65, 229.05]
2024-11-12 19:56:05,910 - INFO - Detected object: metal, Confidence 0.87, Box [319.95, 239.08, 427.62, 333.68]
2024-11-12 19:56:05,912 - INFO - Detected object: metal, Confidence 0.82, Box [485.85, 291.91, 607.37, 383.63]
2024-11-12 19:56:05,914 - INFO - Detected object: plastic, Confidence 0.81, Box [1.35, 228.64, 84.13, 362.01]
2024-11-12 19:56:05,914 - INFO - Total objects detected: 5
2024-11-12 19:56:05,914 - INFO - Inference completed and results displayed.
2024-11-12 19:56:05,915 - INFO - Starting inference on image: c:/Users/chase/OneDrive/Documents/Grad/Robots_for_Recycling/waste_detector/waste_detector_repo/plastic_and_metal_dataset/test/images\rgb_image11-3-14-1-32_jpg.rf.fa08d0eca7c1bb7b51a26f1fcecd49e9.jpg
2024-11-12 19:56:06,187 - INFO - Initialized Faster R-CNN model with MobileNetV3 backbone.
2024-11-12 19:56:06,188 - INFO - Modified the model's box predictor to accommodate the new number of classes.
2024-11-12 19:56:06,252 - INFO - Model loaded successfully.
2024-11-12 19:56:06,255 - INFO - Model moved to device: cpu
2024-11-12 19:56:06,258 - INFO - Image c:/Users/chase/OneDrive/Documents/Grad/Robots_for_Recycling/waste_detector/waste_detector_repo/plastic_and_metal_dataset/test/images\rgb_image11-3-14-1-32_jpg.rf.fa08d0eca7c1bb7b51a26f1fcecd49e9.jpg loaded successfully.
2024-11-12 19:56:06,259 - DEBUG - Image transformed and tensor created with shape torch.Size([3, 480, 640])
2024-11-12 19:56:06,576 - DEBUG - Model inference completed.
2024-11-12 19:56:06,701 - INFO - Detected object: metal, Confidence 0.97, Box [46.13, 207.93, 147.83, 321.08]
2024-11-12 19:56:06,704 - INFO - Detected object: metal, Confidence 0.96, Box [593.09, 332.42, 640.00, 400.97]
2024-11-12 19:56:06,706 - INFO - Detected object: metal, Confidence 0.96, Box [149.40, 276.26, 225.03, 395.85]
2024-11-12 19:56:06,709 - INFO - Detected object: plastic, Confidence 0.93, Box [93.70, 95.74, 261.84, 201.42]
2024-11-12 19:56:06,712 - INFO - Detected object: cardboard, Confidence 0.92, Box [337.11, 264.90, 551.86, 467.28]
2024-11-12 19:56:06,714 - INFO - Detected object: plastic, Confidence 0.77, Box [540.16, 178.71, 640.00, 302.51]
2024-11-12 19:56:06,716 - INFO - Detected object: metal, Confidence 0.64, Box [273.65, 213.39, 329.41, 277.02]
2024-11-12 19:56:06,718 - INFO - Detected object: cardboard, Confidence 0.54, Box [22.69, 2.45, 124.32, 39.44]
2024-11-12 19:56:06,719 - INFO - Total objects detected: 8
2024-11-12 19:56:06,719 - INFO - Inference completed and results displayed.
2024-11-12 19:56:06,721 - INFO - Starting inference on image: c:/Users/chase/OneDrive/Documents/Grad/Robots_for_Recycling/waste_detector/waste_detector_repo/plastic_and_metal_dataset/test/images\rgb_image11-3-13-32-55_jpg.rf.02cdc69021e5e9ee3e9f0359249a4bb7.jpg
2024-11-12 19:56:06,989 - INFO - Initialized Faster R-CNN model with MobileNetV3 backbone.
2024-11-12 19:56:06,990 - INFO - Modified the model's box predictor to accommodate the new number of classes.
2024-11-12 19:56:07,054 - INFO - Model loaded successfully.
2024-11-12 19:56:07,059 - INFO - Model moved to device: cpu
2024-11-12 19:56:07,063 - INFO - Image c:/Users/chase/OneDrive/Documents/Grad/Robots_for_Recycling/waste_detector/waste_detector_repo/plastic_and_metal_dataset/test/images\rgb_image11-3-13-32-55_jpg.rf.02cdc69021e5e9ee3e9f0359249a4bb7.jpg loaded successfully.
2024-11-12 19:56:07,065 - DEBUG - Image transformed and tensor created with shape torch.Size([3, 480, 640])
2024-11-12 19:56:07,321 - DEBUG - Model inference completed.
2024-11-12 19:56:07,518 - INFO - Detected object: metal, Confidence 0.96, Box [254.13, 159.94, 357.91, 260.07]
2024-11-12 19:56:07,520 - INFO - Detected object: plastic, Confidence 0.92, Box [62.61, 56.31, 226.62, 196.28]
2024-11-12 19:56:07,521 - INFO - Detected object: metal, Confidence 0.75, Box [3.99, 273.86, 103.88, 387.54]
2024-11-12 19:56:07,523 - INFO - Detected object: metal, Confidence 0.64, Box [109.04, 294.43, 191.38, 375.23]
2024-11-12 19:56:07,524 - INFO - Total objects detected: 4
2024-11-12 19:56:07,524 - INFO - Inference completed and results displayed.
2024-11-12 19:56:07,525 - INFO - Starting inference on image: c:/Users/chase/OneDrive/Documents/Grad/Robots_for_Recycling/waste_detector/waste_detector_repo/plastic_and_metal_dataset/test/images\rgb_image11-3-14-9-0_jpg.rf.7b4d31830f167e3c05d409d1c55a0c67.jpg
2024-11-12 19:56:07,777 - INFO - Initialized Faster R-CNN model with MobileNetV3 backbone.
2024-11-12 19:56:07,778 - INFO - Modified the model's box predictor to accommodate the new number of classes.
2024-11-12 19:56:07,843 - INFO - Model loaded successfully.
2024-11-12 19:56:07,846 - INFO - Model moved to device: cpu
2024-11-12 19:56:07,849 - INFO - Image c:/Users/chase/OneDrive/Documents/Grad/Robots_for_Recycling/waste_detector/waste_detector_repo/plastic_and_metal_dataset/test/images\rgb_image11-3-14-9-0_jpg.rf.7b4d31830f167e3c05d409d1c55a0c67.jpg loaded successfully.
2024-11-12 19:56:07,851 - DEBUG - Image transformed and tensor created with shape torch.Size([3, 480, 640])
2024-11-12 19:56:08,115 - DEBUG - Model inference completed.
2024-11-12 19:56:08,250 - INFO - Detected object: plastic, Confidence 0.91, Box [451.21, 90.99, 637.89, 267.67]
2024-11-12 19:56:08,251 - INFO - Detected object: metal, Confidence 0.70, Box [405.57, 275.10, 481.18, 354.83]
2024-11-12 19:56:08,253 - INFO - Detected object: paper, Confidence 0.52, Box [19.16, 106.44, 278.67, 334.26]
2024-11-12 19:56:08,254 - INFO - Detected object: cardboard, Confidence 0.50, Box [28.39, 98.20, 288.97, 333.82]
2024-11-12 19:56:08,255 - INFO - Total objects detected: 4
2024-11-12 19:56:08,255 - INFO - Inference completed and results displayed.
2024-11-12 19:56:08,256 - INFO - Starting inference on image: c:/Users/chase/OneDrive/Documents/Grad/Robots_for_Recycling/waste_detector/waste_detector_repo/plastic_and_metal_dataset/test/images\rgb_image11-4-20-46-0_jpg.rf.4e9a2a5c8551fa160cf380c516837433.jpg
2024-11-12 19:56:08,535 - INFO - Initialized Faster R-CNN model with MobileNetV3 backbone.
2024-11-12 19:56:08,536 - INFO - Modified the model's box predictor to accommodate the new number of classes.
2024-11-12 19:56:08,602 - INFO - Model loaded successfully.
2024-11-12 19:56:08,606 - INFO - Model moved to device: cpu
2024-11-12 19:56:08,609 - INFO - Image c:/Users/chase/OneDrive/Documents/Grad/Robots_for_Recycling/waste_detector/waste_detector_repo/plastic_and_metal_dataset/test/images\rgb_image11-4-20-46-0_jpg.rf.4e9a2a5c8551fa160cf380c516837433.jpg loaded successfully.
2024-11-12 19:56:08,611 - DEBUG - Image transformed and tensor created with shape torch.Size([3, 480, 640])
2024-11-12 19:56:08,925 - DEBUG - Model inference completed.
2024-11-12 19:56:09,051 - INFO - Detected object: plastic, Confidence 0.96, Box [333.01, 109.96, 470.12, 242.93]
2024-11-12 19:56:09,053 - INFO - Detected object: plastic, Confidence 0.84, Box [334.37, 295.46, 496.09, 397.58]
2024-11-12 19:56:09,055 - INFO - Detected object: plastic, Confidence 0.80, Box [153.96, 178.97, 235.05, 258.09]
2024-11-12 19:56:09,056 - INFO - Total objects detected: 3
2024-11-12 19:56:09,056 - INFO - Inference completed and results displayed.
2024-11-12 19:56:09,057 - INFO - Starting inference on image: c:/Users/chase/OneDrive/Documents/Grad/Robots_for_Recycling/waste_detector/waste_detector_repo/plastic_and_metal_dataset/test/images\rgb_image11-4-20-28-29_jpg.rf.c3022f6e515c19a4def0cb7c5e32b2e2.jpg
2024-11-12 19:56:09,390 - INFO - Initialized Faster R-CNN model with MobileNetV3 backbone.
2024-11-12 19:56:09,391 - INFO - Modified the model's box predictor to accommodate the new number of classes.
2024-11-12 19:56:09,465 - INFO - Model loaded successfully.
2024-11-12 19:56:09,471 - INFO - Model moved to device: cpu
2024-11-12 19:56:09,475 - INFO - Image c:/Users/chase/OneDrive/Documents/Grad/Robots_for_Recycling/waste_detector/waste_detector_repo/plastic_and_metal_dataset/test/images\rgb_image11-4-20-28-29_jpg.rf.c3022f6e515c19a4def0cb7c5e32b2e2.jpg loaded successfully.
2024-11-12 19:56:09,478 - DEBUG - Image transformed and tensor created with shape torch.Size([3, 480, 640])
2024-11-12 19:56:09,816 - DEBUG - Model inference completed.
2024-11-12 19:56:09,970 - INFO - Detected object: plastic, Confidence 0.86, Box [216.61, 282.01, 434.10, 408.27]
2024-11-12 19:56:09,972 - INFO - Detected object: plastic, Confidence 0.84, Box [280.21, 161.73, 383.20, 262.20]
2024-11-12 19:56:09,974 - INFO - Detected object: plastic, Confidence 0.79, Box [153.45, 124.09, 293.50, 247.90]
2024-11-12 19:56:09,975 - INFO - Total objects detected: 3
2024-11-12 19:56:09,975 - INFO - Inference completed and results displayed.
2024-11-12 19:56:09,976 - INFO - Starting inference on image: c:/Users/chase/OneDrive/Documents/Grad/Robots_for_Recycling/waste_detector/waste_detector_repo/plastic_and_metal_dataset/test/images\rgb_image11-4-20-59-13_jpg.rf.219ddc2cb8c95ab9387cbeec91309688.jpg
2024-11-12 19:56:10,342 - INFO - Initialized Faster R-CNN model with MobileNetV3 backbone.
2024-11-12 19:56:10,343 - INFO - Modified the model's box predictor to accommodate the new number of classes.
2024-11-12 19:56:10,415 - INFO - Model loaded successfully.
2024-11-12 19:56:10,418 - INFO - Model moved to device: cpu
2024-11-12 19:56:10,423 - INFO - Image c:/Users/chase/OneDrive/Documents/Grad/Robots_for_Recycling/waste_detector/waste_detector_repo/plastic_and_metal_dataset/test/images\rgb_image11-4-20-59-13_jpg.rf.219ddc2cb8c95ab9387cbeec91309688.jpg loaded successfully.
2024-11-12 19:56:10,426 - DEBUG - Image transformed and tensor created with shape torch.Size([3, 480, 640])
2024-11-12 19:56:10,930 - DEBUG - Model inference completed.
2024-11-12 19:56:11,093 - INFO - Detected object: metal, Confidence 0.93, Box [397.83, 240.38, 458.15, 345.52]
2024-11-12 19:56:11,095 - INFO - Detected object: cardboard, Confidence 0.90, Box [342.54, 73.29, 490.58, 186.38]
2024-11-12 19:56:11,097 - INFO - Detected object: cardboard, Confidence 0.88, Box [174.71, 295.19, 348.87, 437.44]
2024-11-12 19:56:11,099 - INFO - Detected object: plastic, Confidence 0.83, Box [352.93, 331.84, 463.34, 416.36]
2024-11-12 19:56:11,102 - INFO - Detected object: metal, Confidence 0.82, Box [229.97, 183.65, 336.04, 242.72]
2024-11-12 19:56:11,104 - INFO - Detected object: metal, Confidence 0.61, Box [211.61, 111.36, 319.42, 174.69]
2024-11-12 19:56:11,107 - INFO - Detected object: plastic, Confidence 0.54, Box [353.01, 177.41, 469.30, 238.13]
2024-11-12 19:56:11,110 - INFO - Detected object: metal, Confidence 0.53, Box [166.90, 240.00, 334.87, 311.48]
2024-11-12 19:56:11,111 - INFO - Total objects detected: 8
2024-11-12 19:56:11,111 - INFO - Inference completed and results displayed.
2024-11-12 20:02:46,417 - INFO - Initialized Faster R-CNN model with MobileNetV3 backbone.
2024-11-12 20:02:46,418 - INFO - Modified the model's box predictor to accommodate the new number of classes.
2024-11-12 20:02:52,469 - INFO - Starting real-time object detection. Press 'q' to quit.
2024-11-12 20:07:56,672 - INFO - Real-time detection ended.
2024-11-12 20:09:09,997 - INFO - Initialized Faster R-CNN model with MobileNetV3 backbone.
2024-11-12 20:09:09,998 - INFO - Modified the model's box predictor to accommodate the new number of classes.
2024-11-12 20:09:16,795 - INFO - Starting real-time object detection. Press 'q' to quit.
2024-11-12 20:09:36,608 - INFO - Real-time detection ended.
2024-11-12 20:09:55,026 - INFO - Initialized Faster R-CNN model with MobileNetV3 backbone.
2024-11-12 20:09:55,027 - INFO - Modified the model's box predictor to accommodate the new number of classes.
2024-11-12 20:09:55,829 - INFO - Starting real-time object detection. Press 'q' to quit.
2024-11-12 20:09:55,970 - ERROR - Failed to grab frame.
2024-11-12 20:09:56,081 - INFO - Real-time detection ended.
2024-11-12 20:11:19,616 - INFO - Initialized Faster R-CNN model with MobileNetV3 backbone.
2024-11-12 20:11:19,617 - INFO - Modified the model's box predictor to accommodate the new number of classes.
2024-11-12 20:11:26,008 - INFO - Starting real-time object detection. Press 'q' to quit.
2024-11-12 20:11:26,153 - ERROR - Failed to grab frame.
2024-11-12 20:11:26,255 - INFO - Real-time detection ended.
2024-11-12 20:11:55,103 - INFO - Initialized Faster R-CNN model with MobileNetV3 backbone.
2024-11-12 20:11:55,105 - INFO - Modified the model's box predictor to accommodate the new number of classes.
2024-11-12 20:12:39,492 - INFO - Initialized Faster R-CNN model with MobileNetV3 backbone.
2024-11-12 20:12:39,493 - INFO - Modified the model's box predictor to accommodate the new number of classes.
2024-11-12 20:24:16,326 - INFO - Initialized Faster R-CNN model with MobileNetV3 backbone.
2024-11-12 20:24:16,327 - INFO - Modified the model's box predictor to accommodate the new number of classes.
2024-11-12 20:25:24,817 - INFO - Initialized Faster R-CNN model with MobileNetV3 backbone.
2024-11-12 20:25:24,818 - INFO - Modified the model's box predictor to accommodate the new number of classes.
2024-11-12 20:25:25,516 - INFO - Starting real-time object detection. Press 'q' to quit.
2024-11-12 20:25:25,658 - ERROR - Failed to grab frame.
2024-11-12 20:25:25,772 - INFO - Real-time detection ended.
2024-11-12 20:25:40,659 - INFO - Initialized Faster R-CNN model with MobileNetV3 backbone.
2024-11-12 20:25:40,659 - INFO - Modified the model's box predictor to accommodate the new number of classes.
2024-11-12 20:25:41,441 - INFO - Starting real-time object detection. Press 'q' to quit.
2024-11-12 20:25:41,579 - ERROR - Failed to grab frame.
2024-11-12 20:25:41,691 - INFO - Real-time detection ended.
2024-11-12 20:25:59,061 - INFO - Initialized Faster R-CNN model with MobileNetV3 backbone.
2024-11-12 20:25:59,062 - INFO - Modified the model's box predictor to accommodate the new number of classes.
2024-11-12 20:25:59,729 - INFO - Starting real-time object detection. Press 'q' to quit.
2024-11-12 20:53:23,742 - INFO - Starting inference on image: c:/Users/chase/OneDrive/Documents/Grad/Robots_for_Recycling/waste_detector/waste_detector_repo/plastic_and_metal_dataset/test/images\rgb_image11-3-13-50-42_jpg.rf.e4eb444b007052330069a28c05adc4bb.jpg
2024-11-12 20:53:24,034 - INFO - Initialized Faster R-CNN model with MobileNetV3 backbone.
2024-11-12 20:53:24,035 - INFO - Modified the model's box predictor to accommodate the new number of classes.
2024-11-12 20:53:24,139 - INFO - Model loaded successfully.
2024-11-12 20:53:24,143 - INFO - Model moved to device: cpu
2024-11-12 20:53:24,152 - INFO - Image c:/Users/chase/OneDrive/Documents/Grad/Robots_for_Recycling/waste_detector/waste_detector_repo/plastic_and_metal_dataset/test/images\rgb_image11-3-13-50-42_jpg.rf.e4eb444b007052330069a28c05adc4bb.jpg loaded successfully.
2024-11-12 20:53:24,159 - DEBUG - Image transformed and tensor created with shape torch.Size([3, 480, 640])
2024-11-12 20:53:24,739 - DEBUG - Model inference completed.
2024-11-12 20:53:25,033 - INFO - Detected object: plastic, Confidence 0.95, Box [415.33, 240.44, 594.94, 457.60]
2024-11-12 20:53:25,035 - INFO - Detected object: metal, Confidence 0.94, Box [245.73, 280.70, 346.02, 388.78]
2024-11-12 20:53:25,037 - INFO - Detected object: metal, Confidence 0.89, Box [591.28, 92.66, 640.00, 168.09]
2024-11-12 20:53:25,040 - INFO - Detected object: cardboard, Confidence 0.81, Box [185.65, 103.02, 347.55, 242.51]
2024-11-12 20:53:25,042 - INFO - Detected object: metal, Confidence 0.74, Box [0.00, 81.60, 107.88, 179.05]
2024-11-12 20:53:25,048 - INFO - Detected object: plastic, Confidence 0.71, Box [43.54, 247.18, 186.81, 352.14]
2024-11-12 20:53:25,051 - INFO - Detected object: plastic, Confidence 0.63, Box [0.00, 86.18, 107.74, 178.97]
2024-11-12 20:53:25,053 - INFO - Detected object: cardboard, Confidence 0.61, Box [389.07, 45.06, 556.26, 221.77]
2024-11-12 20:53:25,056 - INFO - Detected object: cardboard, Confidence 0.52, Box [217.91, 10.43, 300.69, 46.86]
2024-11-12 20:53:25,058 - INFO - Total objects detected: 9
2024-11-12 20:53:25,058 - INFO - Inference completed and results displayed.
2024-11-12 20:53:25,060 - INFO - Starting inference on image: c:/Users/chase/OneDrive/Documents/Grad/Robots_for_Recycling/waste_detector/waste_detector_repo/plastic_and_metal_dataset/test/images\rgb_image11-3-13-52-12_jpg.rf.2396aa4b2d9b3de0c372b38d5cb318e3.jpg
2024-11-12 20:53:25,393 - INFO - Initialized Faster R-CNN model with MobileNetV3 backbone.
2024-11-12 20:53:25,394 - INFO - Modified the model's box predictor to accommodate the new number of classes.
2024-11-12 20:53:25,475 - INFO - Model loaded successfully.
2024-11-12 20:53:25,481 - INFO - Model moved to device: cpu
2024-11-12 20:53:25,485 - INFO - Image c:/Users/chase/OneDrive/Documents/Grad/Robots_for_Recycling/waste_detector/waste_detector_repo/plastic_and_metal_dataset/test/images\rgb_image11-3-13-52-12_jpg.rf.2396aa4b2d9b3de0c372b38d5cb318e3.jpg loaded successfully.
2024-11-12 20:53:25,489 - DEBUG - Image transformed and tensor created with shape torch.Size([3, 480, 640])
2024-11-12 20:53:25,984 - DEBUG - Model inference completed.
2024-11-12 20:53:26,147 - INFO - Detected object: plastic, Confidence 0.97, Box [1.65, 24.62, 212.69, 201.28]
2024-11-12 20:53:26,149 - INFO - Detected object: cardboard, Confidence 0.92, Box [387.33, 27.61, 593.58, 205.09]
2024-11-12 20:53:26,150 - INFO - Detected object: cardboard, Confidence 0.91, Box [211.14, 117.27, 524.86, 440.12]
2024-11-12 20:53:26,153 - INFO - Detected object: plastic, Confidence 0.81, Box [0.00, 282.71, 147.08, 445.15]
2024-11-12 20:53:26,156 - INFO - Detected object: cardboard, Confidence 0.74, Box [485.53, 201.82, 640.00, 462.72]
2024-11-12 20:53:26,157 - INFO - Total objects detected: 5
2024-11-12 20:53:26,158 - INFO - Inference completed and results displayed.
2024-11-12 20:53:26,159 - INFO - Starting inference on image: c:/Users/chase/OneDrive/Documents/Grad/Robots_for_Recycling/waste_detector/waste_detector_repo/plastic_and_metal_dataset/test/images\rgb_image11-3-13-46-32_jpg.rf.9ea8ede75d8699628320b218d5c1e0aa.jpg
2024-11-12 20:53:26,518 - INFO - Initialized Faster R-CNN model with MobileNetV3 backbone.
2024-11-12 20:53:26,519 - INFO - Modified the model's box predictor to accommodate the new number of classes.
2024-11-12 20:53:26,606 - INFO - Model loaded successfully.
2024-11-12 20:53:26,613 - INFO - Model moved to device: cpu
2024-11-12 20:53:26,617 - INFO - Image c:/Users/chase/OneDrive/Documents/Grad/Robots_for_Recycling/waste_detector/waste_detector_repo/plastic_and_metal_dataset/test/images\rgb_image11-3-13-46-32_jpg.rf.9ea8ede75d8699628320b218d5c1e0aa.jpg loaded successfully.
2024-11-12 20:53:26,619 - DEBUG - Image transformed and tensor created with shape torch.Size([3, 480, 640])
2024-11-12 20:53:27,160 - DEBUG - Model inference completed.
2024-11-12 20:53:27,342 - INFO - Detected object: cardboard, Confidence 0.95, Box [64.52, 266.48, 280.06, 462.41]
2024-11-12 20:53:27,344 - INFO - Detected object: plastic, Confidence 0.88, Box [380.91, 294.19, 513.50, 394.74]
2024-11-12 20:53:27,346 - INFO - Detected object: plastic, Confidence 0.84, Box [128.62, 68.32, 268.52, 205.00]
2024-11-12 20:53:27,350 - INFO - Detected object: plastic, Confidence 0.75, Box [292.86, 38.43, 458.42, 142.80]
2024-11-12 20:53:27,353 - INFO - Detected object: cardboard, Confidence 0.75, Box [0.38, 124.32, 80.82, 327.54]
2024-11-12 20:53:27,355 - INFO - Detected object: cardboard, Confidence 0.74, Box [512.82, 86.27, 637.17, 281.80]
2024-11-12 20:53:27,356 - INFO - Total objects detected: 6
2024-11-12 20:53:27,357 - INFO - Inference completed and results displayed.
2024-11-12 20:53:27,359 - INFO - Starting inference on image: c:/Users/chase/OneDrive/Documents/Grad/Robots_for_Recycling/waste_detector/waste_detector_repo/plastic_and_metal_dataset/test/images\rgb_image11-4-20-53-8_jpg.rf.b308ab71ae4e8292b6e7536c499a6eda.jpg
2024-11-12 20:53:27,702 - INFO - Initialized Faster R-CNN model with MobileNetV3 backbone.
2024-11-12 20:53:27,704 - INFO - Modified the model's box predictor to accommodate the new number of classes.
2024-11-12 20:53:27,797 - INFO - Model loaded successfully.
2024-11-12 20:53:27,802 - INFO - Model moved to device: cpu
2024-11-12 20:53:27,806 - INFO - Image c:/Users/chase/OneDrive/Documents/Grad/Robots_for_Recycling/waste_detector/waste_detector_repo/plastic_and_metal_dataset/test/images\rgb_image11-4-20-53-8_jpg.rf.b308ab71ae4e8292b6e7536c499a6eda.jpg loaded successfully.
2024-11-12 20:53:27,811 - DEBUG - Image transformed and tensor created with shape torch.Size([3, 480, 640])
2024-11-12 20:53:28,269 - DEBUG - Model inference completed.
2024-11-12 20:53:28,421 - INFO - Detected object: cardboard, Confidence 0.89, Box [107.98, 0.16, 163.96, 31.53]
2024-11-12 20:53:28,424 - INFO - Detected object: cardboard, Confidence 0.84, Box [195.16, 0.00, 246.58, 8.54]
2024-11-12 20:53:28,427 - INFO - Detected object: cardboard, Confidence 0.82, Box [262.35, 184.60, 431.74, 352.65]
2024-11-12 20:53:28,427 - INFO - Total objects detected: 3
2024-11-12 20:53:28,427 - INFO - Inference completed and results displayed.
2024-11-12 20:53:28,429 - INFO - Starting inference on image: c:/Users/chase/OneDrive/Documents/Grad/Robots_for_Recycling/waste_detector/waste_detector_repo/plastic_and_metal_dataset/test/images\rgb_image11-3-13-45-22_jpg.rf.e8e355e57c75f79dc5e13611707c0912.jpg
2024-11-12 20:53:28,751 - INFO - Initialized Faster R-CNN model with MobileNetV3 backbone.
2024-11-12 20:53:28,752 - INFO - Modified the model's box predictor to accommodate the new number of classes.
2024-11-12 20:53:28,831 - INFO - Model loaded successfully.
2024-11-12 20:53:28,834 - INFO - Model moved to device: cpu
2024-11-12 20:53:28,837 - INFO - Image c:/Users/chase/OneDrive/Documents/Grad/Robots_for_Recycling/waste_detector/waste_detector_repo/plastic_and_metal_dataset/test/images\rgb_image11-3-13-45-22_jpg.rf.e8e355e57c75f79dc5e13611707c0912.jpg loaded successfully.
2024-11-12 20:53:28,839 - DEBUG - Image transformed and tensor created with shape torch.Size([3, 480, 640])
2024-11-12 20:53:29,262 - DEBUG - Model inference completed.
2024-11-12 20:53:29,422 - INFO - Detected object: plastic, Confidence 0.97, Box [16.24, 26.52, 183.76, 139.89]
2024-11-12 20:53:29,424 - INFO - Detected object: cardboard, Confidence 0.95, Box [550.29, 210.87, 638.72, 388.10]
2024-11-12 20:53:29,427 - INFO - Detected object: metal, Confidence 0.87, Box [556.58, 88.10, 635.61, 202.79]
2024-11-12 20:53:29,429 - INFO - Detected object: plastic, Confidence 0.87, Box [397.78, 261.69, 525.06, 374.70]
2024-11-12 20:53:29,432 - INFO - Detected object: plastic, Confidence 0.86, Box [25.90, 165.12, 241.18, 408.54]
2024-11-12 20:53:29,435 - INFO - Detected object: metal, Confidence 0.75, Box [0.00, 191.72, 41.96, 265.52]
2024-11-12 20:53:29,437 - INFO - Detected object: cardboard, Confidence 0.75, Box [28.84, 143.72, 238.63, 414.22]
2024-11-12 20:53:29,439 - INFO - Detected object: metal, Confidence 0.51, Box [401.95, 264.56, 528.74, 374.01]
2024-11-12 20:53:29,440 - INFO - Total objects detected: 8
2024-11-12 20:53:29,440 - INFO - Inference completed and results displayed.
2024-11-12 20:53:29,442 - INFO - Starting inference on image: c:/Users/chase/OneDrive/Documents/Grad/Robots_for_Recycling/waste_detector/waste_detector_repo/plastic_and_metal_dataset/test/images\rgb_image11-4-20-30-24_jpg.rf.c16f50ab4ef85de5a03d27872ceddb94.jpg
2024-11-12 20:53:29,748 - INFO - Initialized Faster R-CNN model with MobileNetV3 backbone.
2024-11-12 20:53:29,750 - INFO - Modified the model's box predictor to accommodate the new number of classes.
2024-11-12 20:53:29,836 - INFO - Model loaded successfully.
2024-11-12 20:53:29,839 - INFO - Model moved to device: cpu
2024-11-12 20:53:29,844 - INFO - Image c:/Users/chase/OneDrive/Documents/Grad/Robots_for_Recycling/waste_detector/waste_detector_repo/plastic_and_metal_dataset/test/images\rgb_image11-4-20-30-24_jpg.rf.c16f50ab4ef85de5a03d27872ceddb94.jpg loaded successfully.
2024-11-12 20:53:29,846 - DEBUG - Image transformed and tensor created with shape torch.Size([3, 480, 640])
2024-11-12 20:53:30,259 - DEBUG - Model inference completed.
2024-11-12 20:53:30,505 - INFO - Detected object: plastic, Confidence 0.94, Box [303.86, 91.53, 496.42, 353.26]
2024-11-12 20:53:30,507 - INFO - Detected object: metal, Confidence 0.90, Box [179.63, 295.79, 275.95, 407.23]
2024-11-12 20:53:30,508 - INFO - Detected object: plastic, Confidence 0.87, Box [143.63, 78.56, 242.74, 173.01]
2024-11-12 20:53:30,509 - INFO - Total objects detected: 3
2024-11-12 20:53:30,510 - INFO - Inference completed and results displayed.
2024-11-12 20:53:30,511 - INFO - Starting inference on image: c:/Users/chase/OneDrive/Documents/Grad/Robots_for_Recycling/waste_detector/waste_detector_repo/plastic_and_metal_dataset/test/images\rgb_image11-4-20-22-45_jpg.rf.6f3d65a29e28982f05a0b00a0d088084.jpg
2024-11-12 20:53:30,809 - INFO - Initialized Faster R-CNN model with MobileNetV3 backbone.
2024-11-12 20:53:30,811 - INFO - Modified the model's box predictor to accommodate the new number of classes.
2024-11-12 20:53:30,879 - INFO - Model loaded successfully.
2024-11-12 20:53:30,885 - INFO - Model moved to device: cpu
2024-11-12 20:53:30,888 - INFO - Image c:/Users/chase/OneDrive/Documents/Grad/Robots_for_Recycling/waste_detector/waste_detector_repo/plastic_and_metal_dataset/test/images\rgb_image11-4-20-22-45_jpg.rf.6f3d65a29e28982f05a0b00a0d088084.jpg loaded successfully.
2024-11-12 20:53:30,891 - DEBUG - Image transformed and tensor created with shape torch.Size([3, 480, 640])
2024-11-12 20:53:31,272 - DEBUG - Model inference completed.
2024-11-12 20:53:31,425 - INFO - Detected object: plastic, Confidence 0.91, Box [122.98, 162.51, 309.89, 270.50]
2024-11-12 20:53:31,428 - INFO - Detected object: cardboard, Confidence 0.91, Box [288.03, 343.39, 453.80, 477.04]
2024-11-12 20:53:31,431 - INFO - Detected object: paper, Confidence 0.77, Box [134.44, 264.02, 306.64, 480.00]
2024-11-12 20:53:31,431 - INFO - Total objects detected: 3
2024-11-12 20:53:31,431 - INFO - Inference completed and results displayed.
2024-11-12 20:53:31,432 - INFO - Starting inference on image: c:/Users/chase/OneDrive/Documents/Grad/Robots_for_Recycling/waste_detector/waste_detector_repo/plastic_and_metal_dataset/test/images\rgb_image11-3-14-3-2_jpg.rf.77d0ea3d67bed6367cf9b403982d2343.jpg
2024-11-12 20:53:31,755 - INFO - Initialized Faster R-CNN model with MobileNetV3 backbone.
2024-11-12 20:53:31,756 - INFO - Modified the model's box predictor to accommodate the new number of classes.
2024-11-12 20:53:31,830 - INFO - Model loaded successfully.
2024-11-12 20:53:31,835 - INFO - Model moved to device: cpu
2024-11-12 20:53:31,839 - INFO - Image c:/Users/chase/OneDrive/Documents/Grad/Robots_for_Recycling/waste_detector/waste_detector_repo/plastic_and_metal_dataset/test/images\rgb_image11-3-14-3-2_jpg.rf.77d0ea3d67bed6367cf9b403982d2343.jpg loaded successfully.
2024-11-12 20:53:31,842 - DEBUG - Image transformed and tensor created with shape torch.Size([3, 480, 640])
2024-11-12 20:53:32,186 - DEBUG - Model inference completed.
2024-11-12 20:53:32,341 - INFO - Detected object: metal, Confidence 0.95, Box [86.95, 120.50, 161.30, 239.19]
2024-11-12 20:53:32,344 - INFO - Detected object: metal, Confidence 0.94, Box [483.01, 281.74, 602.33, 367.29]
2024-11-12 20:53:32,346 - INFO - Detected object: metal, Confidence 0.89, Box [88.19, 255.28, 153.43, 371.05]
2024-11-12 20:53:32,349 - INFO - Detected object: metal, Confidence 0.86, Box [332.20, 100.89, 447.43, 174.61]
2024-11-12 20:53:32,351 - INFO - Detected object: metal, Confidence 0.68, Box [0.44, 250.39, 56.78, 366.37]
2024-11-12 20:53:32,354 - INFO - Detected object: plastic, Confidence 0.59, Box [226.93, 260.97, 329.98, 374.48]
2024-11-12 20:53:32,357 - INFO - Detected object: metal, Confidence 0.59, Box [226.77, 257.89, 329.14, 373.48]
2024-11-12 20:53:32,358 - INFO - Total objects detected: 7
2024-11-12 20:53:32,358 - INFO - Inference completed and results displayed.
2024-11-12 20:53:32,360 - INFO - Starting inference on image: c:/Users/chase/OneDrive/Documents/Grad/Robots_for_Recycling/waste_detector/waste_detector_repo/plastic_and_metal_dataset/test/images\rgb_image11-4-20-36-34_jpg.rf.df82e4f446129dafeb38d7afd2d80ca1.jpg
2024-11-12 20:53:32,644 - INFO - Initialized Faster R-CNN model with MobileNetV3 backbone.
2024-11-12 20:53:32,645 - INFO - Modified the model's box predictor to accommodate the new number of classes.
2024-11-12 20:53:32,721 - INFO - Model loaded successfully.
2024-11-12 20:53:32,727 - INFO - Model moved to device: cpu
2024-11-12 20:53:32,730 - INFO - Image c:/Users/chase/OneDrive/Documents/Grad/Robots_for_Recycling/waste_detector/waste_detector_repo/plastic_and_metal_dataset/test/images\rgb_image11-4-20-36-34_jpg.rf.df82e4f446129dafeb38d7afd2d80ca1.jpg loaded successfully.
2024-11-12 20:53:32,733 - DEBUG - Image transformed and tensor created with shape torch.Size([3, 480, 640])
2024-11-12 20:53:33,065 - DEBUG - Model inference completed.
2024-11-12 20:53:33,207 - INFO - Detected object: plastic, Confidence 0.97, Box [201.09, 297.34, 346.06, 412.02]
2024-11-12 20:53:33,209 - INFO - Detected object: cardboard, Confidence 0.97, Box [384.31, 231.07, 477.03, 420.42]
2024-11-12 20:53:33,213 - INFO - Detected object: plastic, Confidence 0.95, Box [299.52, 186.97, 332.92, 222.05]
2024-11-12 20:53:33,213 - INFO - Total objects detected: 3
2024-11-12 20:53:33,213 - INFO - Inference completed and results displayed.
2024-11-12 20:53:33,214 - INFO - Starting inference on image: c:/Users/chase/OneDrive/Documents/Grad/Robots_for_Recycling/waste_detector/waste_detector_repo/plastic_and_metal_dataset/test/images\rgb_image11-3-14-9-30_jpg.rf.ca5a6bd7cf2a205502b6e8468b8f0ef7.jpg
2024-11-12 20:53:33,525 - INFO - Initialized Faster R-CNN model with MobileNetV3 backbone.
2024-11-12 20:53:33,526 - INFO - Modified the model's box predictor to accommodate the new number of classes.
2024-11-12 20:53:33,594 - INFO - Model loaded successfully.
2024-11-12 20:53:33,597 - INFO - Model moved to device: cpu
2024-11-12 20:53:33,600 - INFO - Image c:/Users/chase/OneDrive/Documents/Grad/Robots_for_Recycling/waste_detector/waste_detector_repo/plastic_and_metal_dataset/test/images\rgb_image11-3-14-9-30_jpg.rf.ca5a6bd7cf2a205502b6e8468b8f0ef7.jpg loaded successfully.
2024-11-12 20:53:33,602 - DEBUG - Image transformed and tensor created with shape torch.Size([3, 480, 640])
2024-11-12 20:53:33,969 - DEBUG - Model inference completed.
2024-11-12 20:53:34,118 - INFO - Detected object: metal, Confidence 0.94, Box [551.44, 229.99, 639.56, 342.98]
2024-11-12 20:53:34,120 - INFO - Detected object: plastic, Confidence 0.93, Box [519.32, 83.16, 640.00, 201.32]
2024-11-12 20:53:34,120 - INFO - Total objects detected: 2
2024-11-12 20:53:34,121 - INFO - Inference completed and results displayed.
